[2025-05-02T06:23:14.520Z]  [info]  POST request made to: /chats/start at 2025-05-02T06:23:14.518Z      [+0ms]
[2025-05-02T06:23:23.939Z]  [info]  POST request made to: /chats/start at 2025-05-02T06:23:23.939Z      [+9s]
[2025-05-02T06:34:33.020Z]  [info]  POST request made to: /chats/start at 2025-05-02T06:34:33.018Z      [+0ms]
[2025-05-02T06:35:24.278Z]  [info]  POST request made to: /chats/start at 2025-05-02T06:35:24.276Z      [+0ms]
[2025-05-02T06:35:54.172Z]  [info]  POST request made to: /chats/start at 2025-05-02T06:35:54.170Z      [+0ms]
[2025-05-02T06:37:11.243Z]  [info]  POST request made to: /chats/start at 2025-05-02T06:37:11.242Z      [+0ms]
[2025-05-02T06:37:35.004Z]  [info]  POST request made to: /chats/start at 2025-05-02T06:37:35.003Z      [+0ms]
[2025-05-02T06:44:53.706Z]  [info]  POST request made to: /chats/start at 2025-05-02T06:44:53.703Z      [+0ms]
[2025-05-02T07:45:34.098Z]  [info]  POST request made to: /chats/start at 2025-05-02T07:45:34.097Z      [+0ms]
[2025-05-02T11:09:46.134Z]  [info]  POST request made to: /chats/Nm37IdeaPdI5FqaOyA08 at 2025-05-02T11:09:46.128Z      [+0ms]
[2025-05-02T11:20:28.817Z]  [info]  POST request made to: /chats/Nm37IdeaPdI5FqaOyA08 at 2025-05-02T11:20:28.814Z      [+0ms]
[2025-05-02T11:22:04.851Z]  [info]  POST request made to: /chats/Nm37IdeaPdI5FqaOyA08 at 2025-05-02T11:22:04.848Z      [+0ms]
[2025-05-02T11:22:18.210Z]  [info]  POST request made to: /chats/Nm37IdeaPdI5FqaOyA08 at 2025-05-02T11:22:18.210Z      [+13s]
[2025-05-02T11:22:45.342Z]  [info]  POST request made to: /chats/Nm37IdeaPdI5FqaOyA08 at 2025-05-02T11:22:45.341Z      [+0ms]
[2025-05-02T11:25:27.435Z]  [info]  POST request made to: /chats/Nm37IdeaPdI5FqaOyA08 at 2025-05-02T11:25:27.434Z      [+0ms]
[2025-05-02T11:25:46.366Z]  [info]  POST request made to: /chats/Nm37IdeaPdI5FqaOyA08 at 2025-05-02T11:25:46.363Z      [+0ms]
[2025-05-02T11:57:27.320Z]  [info]  POST request made to: /chats/send at 2025-05-02T11:57:27.318Z      [+0ms]
[2025-05-02T11:57:47.093Z]  [info]  POST request made to: /chats/send at 2025-05-02T11:57:47.093Z      [+20s]
[2025-05-02T11:58:28.336Z]  [info]  POST request made to: /chats/send at 2025-05-02T11:58:28.336Z      [+41s]
[2025-05-02T13:12:56.804Z]  [info]  POST request made to: /chats/send at 2025-05-02T13:12:56.803Z      [+1h]
[2025-05-02T13:19:35.617Z]  [info]  POST request made to: /chats/admin at 2025-05-02T13:19:35.615Z      [+0ms]
[2025-05-02T13:21:22.581Z]  [info]  POST request made to: /chats/send at 2025-05-02T13:21:22.581Z      [+2m]
[2025-05-02T13:21:27.646Z]  [info]  POST request made to: /chats/admin at 2025-05-02T13:21:27.646Z      [+5s]
